Release 14.5 - xst P.58f (nt64)
Copyright (c) 1995-2012 Xilinx, Inc.  All rights reserved.
--> Parameter TMPDIR set to xst/projnav.tmp


Total REAL time to Xst completion: 0.00 secs
Total CPU time to Xst completion: 0.14 secs
 
--> Parameter xsthdpdir set to xst


Total REAL time to Xst completion: 0.00 secs
Total CPU time to Xst completion: 0.14 secs
 
--> Reading design: Intrmem_jmp.prj

TABLE OF CONTENTS
  1) Synthesis Options Summary
  2) HDL Compilation
  3) Design Hierarchy Analysis
  4) HDL Analysis
  5) HDL Synthesis
     5.1) HDL Synthesis Report
  6) Advanced HDL Synthesis
     6.1) Advanced HDL Synthesis Report
  7) Low Level Synthesis
  8) Partition Report
  9) Final Report
	9.1) Device utilization summary
	9.2) Partition Resource Summary
	9.3) TIMING REPORT


=========================================================================
*                      Synthesis Options Summary                        *
=========================================================================
---- Source Parameters
Input File Name                    : "Intrmem_jmp.prj"
Input Format                       : mixed
Ignore Synthesis Constraint File   : NO

---- Target Parameters
Output File Name                   : "Intrmem_jmp"
Output Format                      : NGC
Target Device                      : xc3s100e-4-cp132

---- Source Options
Top Module Name                    : Intrmem_jmp
Automatic FSM Extraction           : YES
FSM Encoding Algorithm             : Auto
Safe Implementation                : No
FSM Style                          : LUT
RAM Extraction                     : Yes
RAM Style                          : Auto
ROM Extraction                     : Yes
Mux Style                          : Auto
Decoder Extraction                 : YES
Priority Encoder Extraction        : Yes
Shift Register Extraction          : YES
Logical Shifter Extraction         : YES
XOR Collapsing                     : YES
ROM Style                          : Auto
Mux Extraction                     : Yes
Resource Sharing                   : YES
Asynchronous To Synchronous        : NO
Multiplier Style                   : Auto
Automatic Register Balancing       : No

---- Target Options
Add IO Buffers                     : YES
Global Maximum Fanout              : 100000
Add Generic Clock Buffer(BUFG)     : 24
Register Duplication               : YES
Slice Packing                      : YES
Optimize Instantiated Primitives   : NO
Use Clock Enable                   : Yes
Use Synchronous Set                : Yes
Use Synchronous Reset              : Yes
Pack IO Registers into IOBs        : Auto
Equivalent register Removal        : YES

---- General Options
Optimization Goal                  : Speed
Optimization Effort                : 1
Keep Hierarchy                     : No
Netlist Hierarchy                  : As_Optimized
RTL Output                         : Yes
Global Optimization                : AllClockNets
Read Cores                         : YES
Write Timing Constraints           : NO
Cross Clock Analysis               : NO
Hierarchy Separator                : /
Bus Delimiter                      : <>
Case Specifier                     : Maintain
Slice Utilization Ratio            : 100
BRAM Utilization Ratio             : 100
Verilog 2001                       : YES
Auto BRAM Packing                  : NO
Slice Utilization Ratio Delta      : 5

=========================================================================


=========================================================================
*                          HDL Compilation                              *
=========================================================================
Compiling verilog file "Intrmem_jmp.v" in library work
Module <Intrmem_jmp> compiled
No errors in compilation
Analysis of file <"Intrmem_jmp.prj"> succeeded.
 

=========================================================================
*                     Design Hierarchy Analysis                         *
=========================================================================
Analyzing hierarchy for module <Intrmem_jmp> in library <work>.


=========================================================================
*                            HDL Analysis                               *
=========================================================================
Analyzing top module <Intrmem_jmp>.
Module <Intrmem_jmp> is correct for synthesis.
 

=========================================================================
*                           HDL Synthesis                               *
=========================================================================

Performing bidirectional port resolution...

Synthesizing Unit <Intrmem_jmp>.
    Related source file is "Intrmem_jmp.v".
WARNING:Xst:647 - Input <instruction<31:28>> is never used. This port will be preserved and left unconnected if it belongs to a top-level block or it belongs to a sub-block and the hierarchy of this sub-block is preserved.
WARNING:Xst:647 - Input <instruction<23:8>> is never used. This port will be preserved and left unconnected if it belongs to a top-level block or it belongs to a sub-block and the hierarchy of this sub-block is preserved.
WARNING:Xst:647 - Input <instruction<3:0>> is never used. This port will be preserved and left unconnected if it belongs to a top-level block or it belongs to a sub-block and the hierarchy of this sub-block is preserved.
    Found 4x3-bit ROM for signal <Instruction_type$mux0000> created at line 13.
    Found 4-bit register for signal <Dataprocessing_instr_type>.
    Found 3-bit register for signal <Instruction_type>.
    Found 2-bit register for signal <Jump_instr_type>.
    Found 2-bit register for signal <Memory_instr_type>.
    Found 4-bit 4-to-1 multiplexer for signal <Dataprocessing_instr_type$mux0000> created at line 28.
    Summary:
	inferred   1 ROM(s).
	inferred  11 D-type flip-flop(s).
	inferred   4 Multiplexer(s).
Unit <Intrmem_jmp> synthesized.


=========================================================================
HDL Synthesis Report

Macro Statistics
# ROMs                                                 : 1
 4x3-bit ROM                                           : 1
# Registers                                            : 4
 2-bit register                                        : 2
 3-bit register                                        : 1
 4-bit register                                        : 1
# Multiplexers                                         : 1
 4-bit 4-to-1 multiplexer                              : 1

=========================================================================

=========================================================================
*                       Advanced HDL Synthesis                          *
=========================================================================


Synthesizing (advanced) Unit <Intrmem_jmp>.
INFO:Xst:3034 - In order to maximize performance and save block RAM resources, the small ROM <Mrom_Instruction_type_mux0000> will be implemented on LUT. If you want to force its implementation on block, use option/constraint rom_style.
Unit <Intrmem_jmp> synthesized (advanced).

=========================================================================
Advanced HDL Synthesis Report

Macro Statistics
# ROMs                                                 : 1
 4x3-bit ROM                                           : 1
# Registers                                            : 11
 Flip-Flops                                            : 11
# Multiplexers                                         : 1
 4-bit 4-to-1 multiplexer                              : 1

=========================================================================

=========================================================================
*                         Low Level Synthesis                           *
=========================================================================
WARNING:Xst:1710 - FF/Latch <Instruction_type_2> (without init value) has a constant value of 0 in block <Intrmem_jmp>. This FF/Latch will be trimmed during the optimization process.

Optimizing unit <Intrmem_jmp> ...
WARNING:Xst:1710 - FF/Latch <Dataprocessing_instr_type_3> (without init value) has a constant value of 0 in block <Intrmem_jmp>. This FF/Latch will be trimmed during the optimization process.

Mapping all equations...
Building and optimizing final netlist ...
Found area constraint ratio of 100 (+ 5) on block Intrmem_jmp, actual ratio is 0.

Final Macro Processing ...

=========================================================================
Final Register Report

Macro Statistics
# Registers                                            : 9
 Flip-Flops                                            : 9

=========================================================================

=========================================================================
*                           Partition Report                            *
=========================================================================

Partition Implementation Status
-------------------------------

  No Partitions were found in this design.

-------------------------------

=========================================================================
*                            Final Report                               *
=========================================================================
Final Results
RTL Top Level Output File Name     : Intrmem_jmp.ngr
Top Level Output File Name         : Intrmem_jmp
Output Format                      : NGC
Optimization Goal                  : Speed
Keep Hierarchy                     : No

Design Statistics
# IOs                              : 44

Cell Usage :
# BELS                             : 15
#      GND                         : 1
#      INV                         : 2
#      LUT2                        : 4
#      LUT3                        : 2
#      LUT4                        : 5
#      VCC                         : 1
# FlipFlops/Latches                : 9
#      FD                          : 4
#      FDE                         : 4
#      FDR                         : 1
# Clock Buffers                    : 1
#      BUFGP                       : 1
# IO Buffers                       : 19
#      IBUF                        : 8
#      OBUF                        : 11
=========================================================================

Device utilization summary:
---------------------------

Selected Device : 3s100ecp132-4 

 Number of Slices:                        6  out of    960     0%  
 Number of Slice Flip Flops:              3  out of   1920     0%  
 Number of 4 input LUTs:                 13  out of   1920     0%  
 Number of IOs:                          44
 Number of bonded IOBs:                  20  out of     83    24%  
    IOB Flip Flops:                       6
 Number of GCLKs:                         1  out of     24     4%  

---------------------------
Partition Resource Summary:
---------------------------

  No Partitions were found in this design.

---------------------------


=========================================================================
TIMING REPORT

NOTE: THESE TIMING NUMBERS ARE ONLY A SYNTHESIS ESTIMATE.
      FOR ACCURATE TIMING INFORMATION PLEASE REFER TO THE TRACE REPORT
      GENERATED AFTER PLACE-and-ROUTE.

Clock Information:
------------------
-----------------------------------+------------------------+-------+
Clock Signal                       | Clock buffer(FF name)  | Load  |
-----------------------------------+------------------------+-------+
CLK                                | BUFGP                  | 9     |
-----------------------------------+------------------------+-------+

Asynchronous Control Signals Information:
----------------------------------------
No asynchronous control signals found in this design

Timing Summary:
---------------
Speed Grade: -4

   Minimum period: 2.054ns (Maximum Frequency: 486.855MHz)
   Minimum input arrival time before clock: 4.337ns
   Maximum output required time after clock: 4.310ns
   Maximum combinational path delay: No path found

Timing Detail:
--------------
All values displayed in nanoseconds (ns)

=========================================================================
Timing constraint: Default period analysis for Clock 'CLK'
  Clock period: 2.054ns (frequency: 486.855MHz)
  Total number of paths / destination ports: 3 / 3
-------------------------------------------------------------------------
Delay:               2.054ns (Levels of Logic = 1)
  Source:            Dataprocessing_instr_type_0 (FF)
  Destination:       Dataprocessing_instr_type_0 (FF)
  Source Clock:      CLK rising
  Destination Clock: CLK rising

  Data Path: Dataprocessing_instr_type_0 to Dataprocessing_instr_type_0
                                Gate     Net
    Cell:in->out      fanout   Delay   Delay  Logical Name (Net Name)
    ----------------------------------------  ------------
     FD:C->Q               2   0.591   0.451  Dataprocessing_instr_type_0 (Dataprocessing_instr_type_0)
     LUT4:I3->O            1   0.704   0.000  Mmux_Dataprocessing_instr_type_mux00007 (Dataprocessing_instr_type_mux0000<3>)
     FD:D                      0.308          Dataprocessing_instr_type_0
    ----------------------------------------
    Total                      2.054ns (1.603ns logic, 0.451ns route)
                                       (78.0% logic, 22.0% route)

=========================================================================
Timing constraint: Default OFFSET IN BEFORE for Clock 'CLK'
  Total number of paths / destination ports: 36 / 13
-------------------------------------------------------------------------
Offset:              4.337ns (Levels of Logic = 3)
  Source:            instruction<25> (PAD)
  Destination:       Dataprocessing_instr_type_1 (FF)
  Destination Clock: CLK rising

  Data Path: instruction<25> to Dataprocessing_instr_type_1
                                Gate     Net
    Cell:in->out      fanout   Delay   Delay  Logical Name (Net Name)
    ----------------------------------------  ------------
     IBUF:I->O             5   1.218   0.808  instruction_25_IBUF (instruction_25_IBUF)
     LUT3:I0->O            1   0.704   0.595  Mmux_Dataprocessing_instr_type_mux00005_SW0 (N4)
     LUT4:I0->O            1   0.704   0.000  Mmux_Dataprocessing_instr_type_mux00005 (Dataprocessing_instr_type_mux0000<2>)
     FD:D                      0.308          Dataprocessing_instr_type_1
    ----------------------------------------
    Total                      4.337ns (2.934ns logic, 1.403ns route)
                                       (67.7% logic, 32.3% route)

=========================================================================
Timing constraint: Default OFFSET OUT AFTER for Clock 'CLK'
  Total number of paths / destination ports: 9 / 9
-------------------------------------------------------------------------
Offset:              4.310ns (Levels of Logic = 1)
  Source:            Dataprocessing_instr_type_2 (FF)
  Destination:       Dataprocessing_instr_type<2> (PAD)
  Source Clock:      CLK rising

  Data Path: Dataprocessing_instr_type_2 to Dataprocessing_instr_type<2>
                                Gate     Net
    Cell:in->out      fanout   Delay   Delay  Logical Name (Net Name)
    ----------------------------------------  ------------
     FD:C->Q               2   0.591   0.447  Dataprocessing_instr_type_2 (Dataprocessing_instr_type_2)
     OBUF:I->O                 3.272          Dataprocessing_instr_type_2_OBUF (Dataprocessing_instr_type<2>)
    ----------------------------------------
    Total                      4.310ns (3.863ns logic, 0.447ns route)
                                       (89.6% logic, 10.4% route)

=========================================================================


Total REAL time to Xst completion: 6.00 secs
Total CPU time to Xst completion: 6.16 secs
 
--> 

Total memory usage is 4501840 kilobytes

Number of errors   :    0 (   0 filtered)
Number of warnings :    5 (   0 filtered)
Number of infos    :    1 (   0 filtered)

